<?xml version="1.0" encoding="UTF-8"?>
<testsuite xmlns:xsi="http://www.w3.org/2001/XMLSchema-instance" xsi:noNamespaceSchemaLocation="https://maven.apache.org/surefire/maven-surefire-plugin/xsd/surefire-test-report-3.0.xsd" version="3.0" name="org.quarkus.samples.petclinic.OwnersResourceTest" time="8.721" tests="4" errors="0" skipped="0" failures="0">
  <properties>
[...]
</properties>
  <testcase name="existingOwner" classname="org.quarkus.samples.petclinic.OwnersResourceTest" time="1.188">
    <system-out><![CDATA[2024-06-05 19:24:34,943 INFO  [io.agr.pool] (JPA Startup Thread) Datasource '<default>': Initial size smaller than min. Connections will be created when necessary
Hibernate: 
    drop table if exists owners cascade 
Hibernate: 
    drop table if exists pets cascade 
Hibernate: 
    drop table if exists specialties cascade 
Hibernate: 
    drop table if exists types cascade 
Hibernate: 
    drop table if exists vet_specialties cascade 
Hibernate: 
    drop table if exists vets cascade 
Hibernate: 
    drop table if exists visits cascade 
Hibernate: 
    drop sequence if exists owners_SEQ
Hibernate: 
    drop sequence if exists pets_SEQ
Hibernate: 
    drop sequence if exists specialties_SEQ
Hibernate: 
    drop sequence if exists types_SEQ
Hibernate: 
    drop sequence if exists vets_SEQ
Hibernate: 
    drop sequence if exists visits_SEQ
Hibernate: 
    create sequence owners_SEQ start with 1 increment by 50
Hibernate: 
    create sequence pets_SEQ start with 1 increment by 50
Hibernate: 
    create sequence specialties_SEQ start with 1 increment by 50
Hibernate: 
    create sequence types_SEQ start with 1 increment by 50
Hibernate: 
    create sequence vets_SEQ start with 1 increment by 50
Hibernate: 
    create sequence visits_SEQ start with 1 increment by 50
Hibernate: 
    create table owners (
        id bigint not null,
        address varchar(255),
        city varchar(255),
        first_name varchar(255),
        last_name varchar(255),
        telephone varchar(255),
        primary key (id)
    )
Hibernate: 
    create table pets (
        birth_date date,
        id bigint not null,
        owner_id bigint,
        type_id bigint,
        name varchar(255),
        primary key (id)
    )
Hibernate: 
    create table specialties (
        id bigint not null,
        name varchar(255),
        primary key (id)
    )
Hibernate: 
    create table types (
        id bigint not null,
        name varchar(255),
        primary key (id)
    )
Hibernate: 
    create table vet_specialties (
        specialty_id bigint not null,
        vet_id bigint not null,
        primary key (specialty_id, vet_id)
    )
Hibernate: 
    create table vets (
        id bigint not null,
        first_name varchar(255),
        last_name varchar(255),
        primary key (id)
    )
Hibernate: 
    create table visits (
        visit_date date,
        id bigint not null,
        pet_id bigint,
        description varchar(255),
        primary key (id)
    )
Hibernate: 
    alter table if exists pets 
       add constraint FK6teg4kcjcnjhduguft56wcfoa 
       foreign key (owner_id) 
       references owners
Hibernate: 
    alter table if exists pets 
       add constraint FKtmmh1tq8pah5vxf8kuqqplo4p 
       foreign key (type_id) 
       references types
Hibernate: 
    alter table if exists vet_specialties 
       add constraint FK35uiboyrpfn1bndrr5jorcj0m 
       foreign key (specialty_id) 
       references specialties
Hibernate: 
    alter table if exists vet_specialties 
       add constraint FKby1c0fbaa0byaifi63vt18sx9 
       foreign key (vet_id) 
       references vets
Hibernate: INSERT INTO vets(id, first_name, last_name) VALUES (1001, 'James', 'Carter')
Hibernate: INSERT INTO vets(id, first_name, last_name) VALUES (1002, 'Helen', 'Leary')
Hibernate: INSERT INTO vets(id, first_name, last_name) VALUES (1003, 'Linda', 'Douglas')
Hibernate: INSERT INTO vets(id, first_name, last_name) VALUES (1004, 'Rafael', 'Ortega')
Hibernate: INSERT INTO vets(id, first_name, last_name) VALUES (1005, 'Henry', 'Stevens')
Hibernate: INSERT INTO vets(id, first_name, last_name) VALUES (1006, 'Sharon', 'Jenkins')
Hibernate: INSERT INTO specialties VALUES (1001, 'radiology')
Hibernate: INSERT INTO specialties VALUES (1002, 'surgery')
Hibernate: INSERT INTO specialties VALUES (1003, 'dentistry')
Hibernate: INSERT INTO vet_specialties VALUES (1002, 1001)
Hibernate: INSERT INTO vet_specialties VALUES (1003, 1002)
Hibernate: INSERT INTO vet_specialties VALUES (1003, 1003)
Hibernate: INSERT INTO vet_specialties VALUES (1004, 1002)
2024-06-05 19:24:35,611 WARN  [org.hib.too.sch.int.ExceptionHandlerLoggedImpl] (JPA Startup Thread) GenerationTarget encountered exception accepting command : Error executing DDL "INSERT INTO vet_specialties VALUES (1004, 1002)" via JDBC [Referential integrity constraint violation: "FK35UIBOYRPFN1BNDRR5JORCJ0M: PUBLIC.VET_SPECIALTIES FOREIGN KEY(SPECIALTY_ID) REFERENCES PUBLIC.SPECIALTIES(ID) (CAST(1004 AS BIGINT))";]: org.hibernate.tool.schema.spi.CommandAcceptanceException: Error executing DDL "INSERT INTO vet_specialties VALUES (1004, 1002)" via JDBC [Referential integrity constraint violation: "FK35UIBOYRPFN1BNDRR5JORCJ0M: PUBLIC.VET_SPECIALTIES FOREIGN KEY(SPECIALTY_ID) REFERENCES PUBLIC.SPECIALTIES(ID) (CAST(1004 AS BIGINT))";]
	at org.hibernate.tool.schema.internal.exec.GenerationTargetToDatabase.accept(GenerationTargetToDatabase.java:94)
	at org.hibernate.tool.schema.internal.Helper.applySqlString(Helper.java:233)
	at org.hibernate.tool.schema.internal.Helper.applyScript(Helper.java:255)
	at org.hibernate.tool.schema.internal.SchemaCreatorImpl.applyImportFiles(SchemaCreatorImpl.java:665)
	at org.hibernate.tool.schema.internal.SchemaCreatorImpl.applyImportSources(SchemaCreatorImpl.java:584)
	at org.hibernate.tool.schema.internal.SchemaCreatorImpl.performCreation(SchemaCreatorImpl.java:184)
	at org.hibernate.tool.schema.internal.SchemaCreatorImpl.doCreation(SchemaCreatorImpl.java:142)
	at org.hibernate.tool.schema.internal.SchemaCreatorImpl.doCreation(SchemaCreatorImpl.java:118)
	at org.hibernate.tool.schema.spi.SchemaManagementToolCoordinator.performDatabaseAction(SchemaManagementToolCoordinator.java:256)
	at org.hibernate.tool.schema.spi.SchemaManagementToolCoordinator.lambda$process$5(SchemaManagementToolCoordinator.java:145)
	at java.base/java.util.HashMap.forEach(HashMap.java:1421)
	at org.hibernate.tool.schema.spi.SchemaManagementToolCoordinator.process(SchemaManagementToolCoordinator.java:142)
	at io.quarkus.hibernate.orm.runtime.observers.SessionFactoryObserverForSchemaExport.sessionFactoryCreated(SessionFactoryObserverForSchemaExport.java:21)
	at org.hibernate.internal.SessionFactoryObserverChain.sessionFactoryCreated(SessionFactoryObserverChain.java:35)
	at org.hibernate.internal.SessionFactoryImpl.<init>(SessionFactoryImpl.java:315)
	at io.quarkus.hibernate.orm.runtime.boot.FastBootEntityManagerFactoryBuilder.build(FastBootEntityManagerFactoryBuilder.java:87)
	at io.quarkus.hibernate.orm.runtime.FastBootHibernatePersistenceProvider.createEntityManagerFactory(FastBootHibernatePersistenceProvider.java:72)
	at jakarta.persistence.Persistence.createEntityManagerFactory(Persistence.java:80)
	at jakarta.persistence.Persistence.createEntityManagerFactory(Persistence.java:55)
	at io.quarkus.hibernate.orm.runtime.JPAConfig$LazyPersistenceUnit.get(JPAConfig.java:157)
	at io.quarkus.hibernate.orm.runtime.JPAConfig$1.run(JPAConfig.java:64)
	at java.base/java.lang.Thread.run(Thread.java:833)
Caused by: org.h2.jdbc.JdbcSQLIntegrityConstraintViolationException: Referential integrity constraint violation: "FK35UIBOYRPFN1BNDRR5JORCJ0M: PUBLIC.VET_SPECIALTIES FOREIGN KEY(SPECIALTY_ID) REFERENCES PUBLIC.SPECIALTIES(ID) (CAST(1004 AS BIGINT))"; SQL statement:
INSERT INTO vet_specialties VALUES (1004, 1002) [23506-224]
	at org.h2.message.DbException.getJdbcSQLException(DbException.java:520)
	at org.h2.message.DbException.getJdbcSQLException(DbException.java:489)
	at org.h2.message.DbException.get(DbException.java:223)
	at org.h2.message.DbException.get(DbException.java:199)
	at org.h2.constraint.ConstraintReferential.checkRowOwnTable(ConstraintReferential.java:311)
	at org.h2.constraint.ConstraintReferential.checkRow(ConstraintReferential.java:252)
	at org.h2.table.Table.fireConstraints(Table.java:1200)
	at org.h2.table.Table.fireAfterRow(Table.java:1218)
	at org.h2.command.dml.Insert.insertRows(Insert.java:188)
	at org.h2.command.dml.Insert.update(Insert.java:135)
	at org.h2.command.dml.DataChangeStatement.update(DataChangeStatement.java:74)
	at org.h2.command.CommandContainer.update(CommandContainer.java:169)
	at org.h2.command.Command.executeUpdate(Command.java:256)
	at org.h2.jdbc.JdbcStatement.executeInternal(JdbcStatement.java:262)
	at org.h2.jdbc.JdbcStatement.execute(JdbcStatement.java:231)
	at io.agroal.pool.wrapper.StatementWrapper.execute(StatementWrapper.java:220)
	at org.hibernate.tool.schema.internal.exec.GenerationTargetToDatabase.accept(GenerationTargetToDatabase.java:80)
	... 21 more

Hibernate: INSERT INTO vet_specialties VALUES (1005, 1001)
2024-06-05 19:24:35,614 WARN  [org.hib.too.sch.int.ExceptionHandlerLoggedImpl] (JPA Startup Thread) GenerationTarget encountered exception accepting command : Error executing DDL "INSERT INTO vet_specialties VALUES (1005, 1001)" via JDBC [Referential integrity constraint violation: "FK35UIBOYRPFN1BNDRR5JORCJ0M: PUBLIC.VET_SPECIALTIES FOREIGN KEY(SPECIALTY_ID) REFERENCES PUBLIC.SPECIALTIES(ID) (CAST(1005 AS BIGINT))";]: org.hibernate.tool.schema.spi.CommandAcceptanceException: Error executing DDL "INSERT INTO vet_specialties VALUES (1005, 1001)" via JDBC [Referential integrity constraint violation: "FK35UIBOYRPFN1BNDRR5JORCJ0M: PUBLIC.VET_SPECIALTIES FOREIGN KEY(SPECIALTY_ID) REFERENCES PUBLIC.SPECIALTIES(ID) (CAST(1005 AS BIGINT))";]
	at org.hibernate.tool.schema.internal.exec.GenerationTargetToDatabase.accept(GenerationTargetToDatabase.java:94)
	at org.hibernate.tool.schema.internal.Helper.applySqlString(Helper.java:233)
	at org.hibernate.tool.schema.internal.Helper.applyScript(Helper.java:255)
	at org.hibernate.tool.schema.internal.SchemaCreatorImpl.applyImportFiles(SchemaCreatorImpl.java:665)
	at org.hibernate.tool.schema.internal.SchemaCreatorImpl.applyImportSources(SchemaCreatorImpl.java:584)
	at org.hibernate.tool.schema.internal.SchemaCreatorImpl.performCreation(SchemaCreatorImpl.java:184)
	at org.hibernate.tool.schema.internal.SchemaCreatorImpl.doCreation(SchemaCreatorImpl.java:142)
	at org.hibernate.tool.schema.internal.SchemaCreatorImpl.doCreation(SchemaCreatorImpl.java:118)
	at org.hibernate.tool.schema.spi.SchemaManagementToolCoordinator.performDatabaseAction(SchemaManagementToolCoordinator.java:256)
	at org.hibernate.tool.schema.spi.SchemaManagementToolCoordinator.lambda$process$5(SchemaManagementToolCoordinator.java:145)
	at java.base/java.util.HashMap.forEach(HashMap.java:1421)
	at org.hibernate.tool.schema.spi.SchemaManagementToolCoordinator.process(SchemaManagementToolCoordinator.java:142)
	at io.quarkus.hibernate.orm.runtime.observers.SessionFactoryObserverForSchemaExport.sessionFactoryCreated(SessionFactoryObserverForSchemaExport.java:21)
	at org.hibernate.internal.SessionFactoryObserverChain.sessionFactoryCreated(SessionFactoryObserverChain.java:35)
	at org.hibernate.internal.SessionFactoryImpl.<init>(SessionFactoryImpl.java:315)
	at io.quarkus.hibernate.orm.runtime.boot.FastBootEntityManagerFactoryBuilder.build(FastBootEntityManagerFactoryBuilder.java:87)
	at io.quarkus.hibernate.orm.runtime.FastBootHibernatePersistenceProvider.createEntityManagerFactory(FastBootHibernatePersistenceProvider.java:72)
	at jakarta.persistence.Persistence.createEntityManagerFactory(Persistence.java:80)
	at jakarta.persistence.Persistence.createEntityManagerFactory(Persistence.java:55)
	at io.quarkus.hibernate.orm.runtime.JPAConfig$LazyPersistenceUnit.get(JPAConfig.java:157)
	at io.quarkus.hibernate.orm.runtime.JPAConfig$1.run(JPAConfig.java:64)
	at java.base/java.lang.Thread.run(Thread.java:833)
Caused by: org.h2.jdbc.JdbcSQLIntegrityConstraintViolationException: Referential integrity constraint violation: "FK35UIBOYRPFN1BNDRR5JORCJ0M: PUBLIC.VET_SPECIALTIES FOREIGN KEY(SPECIALTY_ID) REFERENCES PUBLIC.SPECIALTIES(ID) (CAST(1005 AS BIGINT))"; SQL statement:
INSERT INTO vet_specialties VALUES (1005, 1001) [23506-224]
	at org.h2.message.DbException.getJdbcSQLException(DbException.java:520)
	at org.h2.message.DbException.getJdbcSQLException(DbException.java:489)
	at org.h2.message.DbException.get(DbException.java:223)
	at org.h2.message.DbException.get(DbException.java:199)
	at org.h2.constraint.ConstraintReferential.checkRowOwnTable(ConstraintReferential.java:311)
	at org.h2.constraint.ConstraintReferential.checkRow(ConstraintReferential.java:252)
	at org.h2.table.Table.fireConstraints(Table.java:1200)
	at org.h2.table.Table.fireAfterRow(Table.java:1218)
	at org.h2.command.dml.Insert.insertRows(Insert.java:188)
	at org.h2.command.dml.Insert.update(Insert.java:135)
	at org.h2.command.dml.DataChangeStatement.update(DataChangeStatement.java:74)
	at org.h2.command.CommandContainer.update(CommandContainer.java:169)
	at org.h2.command.Command.executeUpdate(Command.java:256)
	at org.h2.jdbc.JdbcStatement.executeInternal(JdbcStatement.java:262)
	at org.h2.jdbc.JdbcStatement.execute(JdbcStatement.java:231)
	at io.agroal.pool.wrapper.StatementWrapper.execute(StatementWrapper.java:220)
	at org.hibernate.tool.schema.internal.exec.GenerationTargetToDatabase.accept(GenerationTargetToDatabase.java:80)
	... 21 more

Hibernate: INSERT INTO types VALUES (1001, 'cat')
Hibernate: INSERT INTO types VALUES (1002, 'dog')
Hibernate: INSERT INTO types VALUES (1003, 'lizard')
Hibernate: INSERT INTO types VALUES (1004, 'snake')
Hibernate: INSERT INTO types VALUES (1005, 'bird')
Hibernate: INSERT INTO types VALUES (1006, 'hamster')
Hibernate: INSERT INTO owners VALUES (1001, 'George', 'Franklin', '110 W. Liberty St.', 'Madison', '6085551023')
Hibernate: INSERT INTO owners VALUES (1002, 'Betty', 'Davis', '638 Cardinal Ave.', 'Sun Prairie', '6085551749')
Hibernate: INSERT INTO owners VALUES (1003, 'Eduardo', 'Rodriquez', '2693 Commerce St.', 'McFarland', '6085558763')
Hibernate: INSERT INTO owners VALUES (1004, 'Harold', 'Davis', '563 Friendly St.', 'Windsor', '6085553198')
Hibernate: INSERT INTO owners VALUES (1005, 'Peter', 'McTavish', '2387 S. Fair Way', 'Madison', '6085552765')
Hibernate: INSERT INTO owners VALUES (1006, 'Jean', 'Coleman', '105 N. Lake St.', 'Monona', '6085552654')
Hibernate: INSERT INTO owners VALUES (1007, 'Jeff', 'Black', '1450 Oak Blvd.', 'Monona', '6085555387')
Hibernate: INSERT INTO owners VALUES (1008, 'Maria', 'Escobito', '345 Maple St.', 'Madison', '6085557683')
Hibernate: INSERT INTO owners VALUES (1009, 'David', 'Schroeder', '2749 Blackhawk Trail', 'Madison', '6085559435')
Hibernate: INSERT INTO owners VALUES (1010, 'Carlos', 'Estaban', '2335 Independence La.', 'Waunakee', '6085555487')
Hibernate: INSERT INTO pets(id, name, birth_date, type_id, owner_id) VALUES (1001, 'Leo', '2010-09-07', 1001, 1001)
Hibernate: INSERT INTO pets(id, name, birth_date, type_id, owner_id) VALUES (1002, 'Basil', '2012-08-06', 1006, 1002)
Hibernate: INSERT INTO pets(id, name, birth_date, type_id, owner_id) VALUES (1003, 'Rosy', '2011-04-17', 1002, 1003)
Hibernate: INSERT INTO pets(id, name, birth_date, type_id, owner_id) VALUES (1004, 'Jewel', '2010-03-07', 1002, 1003)
Hibernate: INSERT INTO pets(id, name, birth_date, type_id, owner_id) VALUES (1005, 'Iggy', '2010-11-30', 1003, 1004)
Hibernate: INSERT INTO pets(id, name, birth_date, type_id, owner_id) VALUES (1006, 'George', '2010-01-20', 1004, 1005)
Hibernate: INSERT INTO pets(id, name, birth_date, type_id, owner_id) VALUES (1007, 'Samantha', '2012-09-04', 1001, 1006)
Hibernate: INSERT INTO pets(id, name, birth_date, type_id, owner_id) VALUES (1008, 'Max', '2012-09-04', 1001, 1006)
Hibernate: INSERT INTO pets(id, name, birth_date, type_id, owner_id) VALUES (1009, 'Lucky', '2011-08-06', 1005, 1007)
Hibernate: INSERT INTO pets(id, name, birth_date, type_id, owner_id) VALUES (1010, 'Mulligan', '2007-02-24', 1002, 1008)
Hibernate: INSERT INTO pets(id, name, birth_date, type_id, owner_id) VALUES (1011, 'Freddy', '2010-03-09', 1005, 1009)
Hibernate: INSERT INTO pets(id, name, birth_date, type_id, owner_id) VALUES (1012, 'Lucky', '2010-06-24', 1002, 1010)
Hibernate: INSERT INTO pets(id, name, birth_date, type_id, owner_id) VALUES (1013, 'Sly', '2012-06-08', 1001, 1010)
Hibernate: INSERT INTO visits(id, pet_id, visit_date, description) VALUES (1001, 1007, '2013-01-01', 'rabies shot')
Hibernate: INSERT INTO visits(id, pet_id, visit_date, description) VALUES (1002, 1008, '2013-01-02', 'rabies shot')
Hibernate: INSERT INTO visits(id, pet_id, visit_date, description) VALUES (1003, 1008, '2013-01-03', 'neutered')
Hibernate: INSERT INTO visits(id, pet_id, visit_date, description) VALUES (1004, 1007, '2013-01-04', 'spayed')
2024-06-05 19:24:35,812 INFO  [io.quarkus] (main) quarkus-petclinic 1.0.0-SNAPSHOT on JVM (powered by Quarkus 3.8.4) started in 4.842s. Listening on: http://localhost:8081
2024-06-05 19:24:35,812 INFO  [io.quarkus] (main) Profile test activated. 
2024-06-05 19:24:35,812 INFO  [io.quarkus] (main) Installed features: [agroal, cdi, hibernate-orm, hibernate-orm-panache, hibernate-validator, jdbc-h2, kubernetes, narayana-jta, qute, rest-client-reactive, rest-client-reactive-jackson, resteasy-reactive, resteasy-reactive-jackson, resteasy-reactive-qute, smallrye-context-propagation, vertx, webjars-locator]
Hibernate: 
    select
        o1_0.id,
        o1_0.address,
        o1_0.city,
        o1_0.first_name,
        o1_0.last_name,
        p1_0.owner_id,
        p1_0.id,
        p1_0.birth_date,
        p1_0.name,
        t1_0.id,
        t1_0.name,
        o1_0.telephone 
    from
        owners o1_0 
    left join
        pets p1_0 
            on o1_0.id=p1_0.owner_id 
    left join
        types t1_0 
            on t1_0.id=p1_0.type_id 
    where
        o1_0.id=?
]]></system-out>
  </testcase>
  <testcase name="findAll" classname="org.quarkus.samples.petclinic.OwnersResourceTest" time="0.195">
    <system-out><![CDATA[Hibernate: 
    select
        o1_0.id,
        o1_0.address,
        o1_0.city,
        o1_0.first_name,
        o1_0.last_name,
        o1_0.telephone 
    from
        owners o1_0
Hibernate: 
    select
        p1_0.owner_id,
        p1_0.id,
        p1_0.birth_date,
        p1_0.name,
        t1_0.id,
        t1_0.name 
    from
        pets p1_0 
    left join
        types t1_0 
            on t1_0.id=p1_0.type_id 
    where
        p1_0.owner_id in (?, ?, ?, ?, ?, ?, ?, ?, ?, ?, ?, ?, ?, ?, ?, ?)
]]></system-out>
  </testcase>
  <testcase name="findPage" classname="org.quarkus.samples.petclinic.OwnersResourceTest" time="0.015"/>
  <testcase name="invalidOwner" classname="org.quarkus.samples.petclinic.OwnersResourceTest" time="0.022">
    <system-out><![CDATA[Hibernate: 
    select
        o1_0.id,
        o1_0.address,
        o1_0.city,
        o1_0.first_name,
        o1_0.last_name,
        p1_0.owner_id,
        p1_0.id,
        p1_0.birth_date,
        p1_0.name,
        t1_0.id,
        t1_0.name,
        o1_0.telephone 
    from
        owners o1_0 
    left join
        pets p1_0 
            on o1_0.id=p1_0.owner_id 
    left join
        types t1_0 
            on t1_0.id=p1_0.type_id 
    where
        o1_0.id=?
2024-06-05 19:24:37,246 ERROR [org.qua.sam.pet.sys.ErrorExceptionMapper] (executor-thread-1) Internal application error: io.quarkus.qute.TemplateException
	at io.quarkus.qute.CompletedStage.get(CompletedStage.java:65)
	at io.quarkus.qute.MultiResultNode.process(MultiResultNode.java:20)
	at io.quarkus.qute.MultiResultNode.process(MultiResultNode.java:20)
	at io.quarkus.qute.TemplateImpl$TemplateInstanceImpl.lambda$renderData$5(TemplateImpl.java:239)
	at java.base/java.util.concurrent.CompletableFuture.uniWhenComplete(CompletableFuture.java:863)
	at java.base/java.util.concurrent.CompletableFuture.uniWhenCompleteStage(CompletableFuture.java:887)
	at java.base/java.util.concurrent.CompletableFuture.whenComplete(CompletableFuture.java:2325)
	at java.base/java.util.concurrent.CompletableFuture.whenComplete(CompletableFuture.java:144)
	at io.quarkus.qute.TemplateImpl$TemplateInstanceImpl.renderData(TemplateImpl.java:233)
	at io.quarkus.qute.TemplateImpl$TemplateInstanceImpl.renderAsyncNoTimeout(TemplateImpl.java:224)
	at io.smallrye.context.impl.wrappers.SlowContextualSupplier.get(SlowContextualSupplier.java:21)
	at io.smallrye.mutiny.operators.uni.builders.UniCreateFromCompletionStage.subscribe(UniCreateFromCompletionStage.java:24)
	at io.smallrye.mutiny.operators.AbstractUni.subscribe(AbstractUni.java:36)
	at io.smallrye.mutiny.operators.uni.UniFailOnTimeout.subscribe(UniFailOnTimeout.java:36)
	at io.smallrye.mutiny.operators.AbstractUni.subscribe(AbstractUni.java:36)
	at io.smallrye.mutiny.groups.UniSubscribe.withSubscriber(UniSubscribe.java:51)
	at io.smallrye.mutiny.groups.UniSubscribe.with(UniSubscribe.java:110)
	at io.smallrye.mutiny.groups.UniSubscribe.with(UniSubscribe.java:88)
	at org.jboss.resteasy.reactive.server.handlers.UniResponseHandler.handle(UniResponseHandler.java:19)
	at io.quarkus.resteasy.reactive.server.runtime.QuarkusResteasyReactiveRequestContext.invokeHandler(QuarkusResteasyReactiveRequestContext.java:150)
	at org.jboss.resteasy.reactive.common.core.AbstractResteasyReactiveContext.run(AbstractResteasyReactiveContext.java:147)
	at io.quarkus.vertx.core.runtime.VertxCoreRecorder$14.runWith(VertxCoreRecorder.java:582)
	at org.jboss.threads.EnhancedQueueExecutor$Task.run(EnhancedQueueExecutor.java:2513)
	at org.jboss.threads.EnhancedQueueExecutor$ThreadBody.run(EnhancedQueueExecutor.java:1538)
	at org.jboss.threads.DelegatingRunnable.run(DelegatingRunnable.java:29)
	at org.jboss.threads.ThreadLocalResettingRunnable.run(ThreadLocalResettingRunnable.java:29)
	at io.netty.util.concurrent.FastThreadLocalRunnable.run(FastThreadLocalRunnable.java:30)
	at java.base/java.lang.Thread.run(Thread.java:833)
Caused by: io.quarkus.qute.TemplateException: Rendering error in template [ownerDetails.html] line 9: Property "firstName" not found on the base object "null" in expression {owner.firstName}
	at io.quarkus.qute.TemplateException$Builder.build(TemplateException.java:169)
	at io.quarkus.qute.EvaluatorImpl.propertyNotFound(EvaluatorImpl.java:234)
	at io.quarkus.qute.EvaluatorImpl.resolve(EvaluatorImpl.java:204)
	at io.quarkus.qute.EvaluatorImpl.resolveReference(EvaluatorImpl.java:131)
	at io.quarkus.qute.EvaluatorImpl.lambda$resolveReference$2(EvaluatorImpl.java:135)
	at io.quarkus.qute.CompletedStage.thenCompose(CompletedStage.java:249)
	at io.quarkus.qute.EvaluatorImpl.resolveReference(EvaluatorImpl.java:135)
	at io.quarkus.qute.EvaluatorImpl.evaluate(EvaluatorImpl.java:85)
	at io.quarkus.qute.ResolutionContextImpl$ChildResolutionContext.evaluate(ResolutionContextImpl.java:87)
	at io.quarkus.qute.ExpressionNode.resolve(ExpressionNode.java:36)
	at io.quarkus.qute.SectionNode$SectionResolutionContextImpl.execute(SectionNode.java:228)
	at io.quarkus.qute.InsertSectionHelper.resolve(InsertSectionHelper.java:20)
	at io.quarkus.qute.SectionNode.resolve(SectionNode.java:53)
	at io.quarkus.qute.SectionNode.resolve(SectionNode.java:58)
	at io.quarkus.qute.SectionNode$SectionResolutionContextImpl.execute(SectionNode.java:228)
	at io.quarkus.qute.SectionHelper$SectionResolutionContext.execute(SectionHelper.java:66)
	at io.quarkus.qute.Parser$1.resolve(Parser.java:1288)
	at io.quarkus.qute.SectionNode.resolve(SectionNode.java:53)
	at io.quarkus.qute.IncludeSectionHelper.resolve(IncludeSectionHelper.java:50)
	at io.quarkus.qute.SectionNode.resolve(SectionNode.java:53)
	at io.quarkus.qute.SectionNode.resolve(SectionNode.java:58)
	at io.quarkus.qute.SectionNode$SectionResolutionContextImpl.execute(SectionNode.java:224)
	at io.quarkus.qute.SectionHelper$SectionResolutionContext.execute(SectionHelper.java:66)
	at io.quarkus.qute.Parser$1.resolve(Parser.java:1288)
	at io.quarkus.qute.SectionNode.resolve(SectionNode.java:53)
	at io.quarkus.qute.SectionNode.resolve(SectionNode.java:58)
	... 20 more

]]></system-out>
  </testcase>
</testsuite>