<?xml version="1.0" encoding="UTF-8"?>
<testsuite xmlns:xsi="http://www.w3.org/2001/XMLSchema-instance" xsi:noNamespaceSchemaLocation="https://maven.apache.org/surefire/maven-surefire-plugin/xsd/surefire-test-report-3.0.xsd" version="3.0" name="org.quarkus.samples.petclinic.VetsResourceTest" time="0.032" tests="1" errors="0" skipped="0" failures="0">
  <properties>
[...]
</properties>
  <testcase name="vertPage" classname="org.quarkus.samples.petclinic.VetsResourceTest" time="0.025">
    <system-out><![CDATA[Hibernate: 
    select
        v1_0.id,
        v1_0.first_name,
        v1_0.last_name 
    from
        vets v1_0
Hibernate: 
    select
        s1_0.vet_id,
        s1_1.id,
        s1_1.name 
    from
        vet_specialties s1_0 
    join
        specialties s1_1 
            on s1_1.id=s1_0.specialty_id 
    where
        s1_0.vet_id in (?, ?, ?, ?, ?, ?, ?, ?, ?, ?, ?, ?, ?, ?, ?, ?)
[Person [firstName=James, lastName=Carter] Vet [specialties=[Specialty [name=surgery]]], Person [firstName=Helen, lastName=Leary] Vet [specialties=[Specialty [name=dentistry]]], Person [firstName=Linda, lastName=Douglas] Vet [specialties=[Specialty [name=dentistry]]], Person [firstName=Rafael, lastName=Ortega] Vet [specialties=[]], Person [firstName=Henry, lastName=Stevens] Vet [specialties=[]], Person [firstName=Sharon, lastName=Jenkins] Vet [specialties=[]]]
]]></system-out>
  </testcase>
</testsuite>